#
# There is insufficient memory for the Java Runtime Environment to continue.
# Native memory allocation (mmap) failed to map 132120576 bytes for G1 virtual space
# Possible reasons:
#   The system is out of physical RAM or swap space
#   The process is running with CompressedOops enabled, and the Java Heap may be blocking the growth of the native heap
# Possible solutions:
#   Reduce memory load on the system
#   Increase physical memory or swap space
#   Check if swap backing store is full
#   Decrease Java heap size (-Xmx/-Xms)
#   Decrease number of Java threads
#   Decrease Java thread stack sizes (-Xss)
#   Set larger code cache with -XX:ReservedCodeCacheSize=
#   JVM is running with Unscaled Compressed Oops mode in which the Java heap is
#     placed in the first 4GB address space. The Java Heap base address is the
#     maximum limit for the native heap growth. Please use -XX:HeapBaseMinAddress
#     to set the Java Heap base and to place the Java Heap above 4GB virtual address.
# This output file may be truncated or incomplete.
#
#  Out of Memory Error (os_windows.cpp:3760), pid=55204, tid=34124
#
# JRE version:  (17.0.5+1) (build )
# Java VM: OpenJDK 64-Bit Server VM (17.0.5+1-b653.25, mixed mode, sharing, tiered, compressed oops, compressed class ptrs, g1 gc, windows-amd64)
# No core dump will be written. Minidumps are not enabled by default on client versions of Windows
#

---------------  S U M M A R Y ------------

Command Line: git4idea.http.GitAskPassApp Username for 'https://github.com': 

Host: Intel(R) Core(TM) i7-9750H CPU @ 2.60GHz, 12 cores, 7G,  Windows 11 , 64 bit Build 22000 (10.0.22000.1516)
Time: Wed May 10 06:41:39 2023 SE Asia Standard Time elapsed time: 0.375893 seconds (0d 0h 0m 0s)

---------------  T H R E A D  ---------------

Current thread (0x000001c0f36903f0):  JavaThread "Unknown thread" [_thread_in_vm, id=34124, stack(0x0000008791d00000,0x0000008791e00000)]

Stack: [0x0000008791d00000,0x0000008791e00000]
Native frames: (J=compiled Java code, j=interpreted, Vv=VM code, C=native code)
V  [jvm.dll+0x6830ca]
V  [jvm.dll+0x83f4c4]
V  [jvm.dll+0x840c6e]
V  [jvm.dll+0x8412d3]
V  [jvm.dll+0x2490b5]
V  [jvm.dll+0x67ff99]
V  [jvm.dll+0x6744aa]
V  [jvm.dll+0x308f2b]
V  [jvm.dll+0x3103e6]
V  [jvm.dll+0x36013e]
V  [jvm.dll+0x36036f]
V  [jvm.dll+0x2df018]
V  [jvm.dll+0x2dff84]
V  [jvm.dll+0x810d91]
V  [jvm.dll+0x36df31]
V  [jvm.dll+0x7f028c]
V  [jvm.dll+0x3f0cbf]
V  [jvm.dll+0x3f2801]
C  [jli.dll+0x526b]
C  [ucrtbase.dll+0x26c0c]
C  [KERNEL32.DLL+0x155a0]
C  [ntdll.dll+0x485b]


---------------  P R O C E S S  ---------------

Threads class SMR info:
_java_thread_list=0x00007ffdfdc18f98, length=0, elements={
}

Java Threads: ( => current thread )

Other Threads:
  0x000001c0f36eba40 GCTaskThread "GC Thread#0" [stack: 0x0000008791e00000,0x0000008791f00000] [id=38948]
  0x000001c0f36fc500 ConcurrentGCThread "G1 Main Marker" [stack: 0x0000008791f00000,0x0000008792000000] [id=49180]
  0x000001c0f36fcf10 ConcurrentGCThread "G1 Conc#0" [stack: 0x0000008792000000,0x0000008792100000] [id=54524]

[error occurred during error reporting (printing all threads), id 0xc0000005, EXCEPTION_ACCESS_VIOLATION (0xc0000005) at pc=0x00007ffdfd3cfbd7]

VM state: not at safepoint (not fully initialized)

VM Mutex/Monitor currently owned by a thread:  ([mutex/lock_event])
[0x000001c0f3689fe0] Heap_lock - owner thread: 0x000001c0f36903f0

Heap address: 0x0000000082400000, size: 2012 MB, Compressed Oops mode: 32-bit

CDS archive(s) mapped at: [0x0000000000000000-0x0000000000000000-0x0000000000000000), size 0, SharedBaseAddress: 0x0000000800000000, ArchiveRelocationMode: 0.
Narrow klass base: 0x0000000000000000, Narrow klass shift: 0, Narrow klass range: 0x0

GC Precious Log:
<Empty>

Heap:
 garbage-first heap   total 0K, used 0K [0x0000000082400000, 0x0000000100000000)
  region size 1024K, 0 young (0K), 0 survivors (0K)

[error occurred during error reporting (printing heap information), id 0xc0000005, EXCEPTION_ACCESS_VIOLATION (0xc0000005) at pc=0x00007ffdfd7bcd59]

GC Heap History (0 events):
No events

Dll operation events (1 events):
Event: 0.022 Loaded shared library D:\IT\Pycharm Education\PyCharm Community Edition 2022.3.2\jbr\bin\java.dll

Deoptimization events (0 events):
No events

Classes unloaded (0 events):
No events

Classes redefined (0 events):
No events

Internal exceptions (0 events):
No events

VM Operations (0 events):
No events

Events (0 events):
No events


Dynamic libraries:
0x00007ff795410000 - 0x00007ff79541a000 	D:\IT\Pycharm Education\PyCharm Community Edition 2022.3.2\jbr\bin\java.exe
0x00007ffe8fe00000 - 0x00007ffe90009000 	C:\WINDOWS\SYSTEM32\ntdll.dll
0x00007ffe8e970000 - 0x00007ffe8ea2e000 	C:\WINDOWS\System32\KERNEL32.DLL
0x00007ffe8d4e0000 - 0x00007ffe8d85c000 	C:\WINDOWS\System32\KERNELBASE.dll
0x00007ffe8d860000 - 0x00007ffe8d971000 	C:\WINDOWS\System32\ucrtbase.dll
0x00007ffe6a6d0000 - 0x00007ffe6a6e7000 	D:\IT\Pycharm Education\PyCharm Community Edition 2022.3.2\jbr\bin\jli.dll
0x00007ffe5dcb0000 - 0x00007ffe5dccb000 	D:\IT\Pycharm Education\PyCharm Community Edition 2022.3.2\jbr\bin\VCRUNTIME140.dll
0x00007ffe8e450000 - 0x00007ffe8e5fd000 	C:\WINDOWS\System32\USER32.dll
0x00007ffe8dae0000 - 0x00007ffe8db06000 	C:\WINDOWS\System32\win32u.dll
0x00007ffe791b0000 - 0x00007ffe79455000 	C:\WINDOWS\WinSxS\amd64_microsoft.windows.common-controls_6595b64144ccf1df_6.0.22000.120_none_9d947278b86cc467\COMCTL32.dll
0x00007ffe8f210000 - 0x00007ffe8f239000 	C:\WINDOWS\System32\GDI32.dll
0x00007ffe8e600000 - 0x00007ffe8e6a3000 	C:\WINDOWS\System32\msvcrt.dll
0x00007ffe8d3c0000 - 0x00007ffe8d4d8000 	C:\WINDOWS\System32\gdi32full.dll
0x00007ffe8da40000 - 0x00007ffe8dadd000 	C:\WINDOWS\System32\msvcp_win.dll
0x00007ffe8f3e0000 - 0x00007ffe8f411000 	C:\WINDOWS\System32\IMM32.DLL
0x00007ffe698b0000 - 0x00007ffe698bc000 	D:\IT\Pycharm Education\PyCharm Community Edition 2022.3.2\jbr\bin\vcruntime140_1.dll
0x00007ffe50ac0000 - 0x00007ffe50b4d000 	D:\IT\Pycharm Education\PyCharm Community Edition 2022.3.2\jbr\bin\msvcp140.dll
0x00007ffdfd0e0000 - 0x00007ffdfdd4b000 	D:\IT\Pycharm Education\PyCharm Community Edition 2022.3.2\jbr\bin\server\jvm.dll
0x00007ffe8fac0000 - 0x00007ffe8fb6e000 	C:\WINDOWS\System32\ADVAPI32.dll
0x00007ffe8f250000 - 0x00007ffe8f2ee000 	C:\WINDOWS\System32\sechost.dll
0x00007ffe8f0f0000 - 0x00007ffe8f210000 	C:\WINDOWS\System32\RPCRT4.dll
0x00007ffe75d70000 - 0x00007ffe75d79000 	C:\WINDOWS\SYSTEM32\WSOCK32.dll
0x00007ffe78710000 - 0x00007ffe78743000 	C:\WINDOWS\SYSTEM32\WINMM.dll
0x00007ffe85930000 - 0x00007ffe8593a000 	C:\WINDOWS\SYSTEM32\VERSION.dll
0x00007ffe8e740000 - 0x00007ffe8e7af000 	C:\WINDOWS\System32\WS2_32.dll
0x00007ffe8c350000 - 0x00007ffe8c368000 	C:\WINDOWS\SYSTEM32\kernel.appcore.dll
0x00007ffe75cb0000 - 0x00007ffe75cba000 	D:\IT\Pycharm Education\PyCharm Community Edition 2022.3.2\jbr\bin\jimage.dll
0x00007ffe8af40000 - 0x00007ffe8b161000 	C:\WINDOWS\SYSTEM32\DBGHELP.DLL
0x00007ffe74720000 - 0x00007ffe74751000 	C:\WINDOWS\SYSTEM32\dbgcore.DLL
0x00007ffe8d340000 - 0x00007ffe8d3bf000 	C:\WINDOWS\System32\bcryptPrimitives.dll
0x00007ffe6f020000 - 0x00007ffe6f045000 	D:\IT\Pycharm Education\PyCharm Community Edition 2022.3.2\jbr\bin\java.dll

dbghelp: loaded successfully - version: 4.0.5 - missing functions: none
symbol engine: initialized successfully - sym options: 0x614 - pdb path: .;D:\IT\Pycharm Education\PyCharm Community Edition 2022.3.2\jbr\bin;C:\WINDOWS\SYSTEM32;C:\WINDOWS\WinSxS\amd64_microsoft.windows.common-controls_6595b64144ccf1df_6.0.22000.120_none_9d947278b86cc467;D:\IT\Pycharm Education\PyCharm Community Edition 2022.3.2\jbr\bin\server

VM Arguments:
java_command: git4idea.http.GitAskPassApp Username for 'https://github.com': 
java_class_path (initial): D:/IT/Pycharm Education/PyCharm Community Edition 2022.3.2/plugins/vcs-git/lib/git4idea-rt.jar;D:/IT/Pycharm Education/PyCharm Community Edition 2022.3.2/lib/externalProcess-rt.jar;D:/IT/Pycharm Education/PyCharm Community Edition 2022.3.2/lib/app.jar;D:/IT/Pycharm Education/PyCharm Community Edition 2022.3.2/lib/3rd-party-rt.jar
Launcher Type: SUN_STANDARD

[Global flags]
     intx CICompilerCount                          = 4                                         {product} {ergonomic}
     uint ConcGCThreads                            = 3                                         {product} {ergonomic}
     uint G1ConcRefinementThreads                  = 10                                        {product} {ergonomic}
   size_t G1HeapRegionSize                         = 1048576                                   {product} {ergonomic}
    uintx GCDrainStackTargetSize                   = 64                                        {product} {ergonomic}
   size_t InitialHeapSize                          = 132120576                                 {product} {ergonomic}
   size_t MarkStackSize                            = 4194304                                   {product} {ergonomic}
   size_t MaxHeapSize                              = 2109734912                                {product} {ergonomic}
   size_t MinHeapDeltaBytes                        = 1048576                                   {product} {ergonomic}
   size_t MinHeapSize                              = 8388608                                   {product} {ergonomic}
    uintx NonNMethodCodeHeapSize                   = 5839372                                {pd product} {ergonomic}
    uintx NonProfiledCodeHeapSize                  = 122909434                              {pd product} {ergonomic}
    uintx ProfiledCodeHeapSize                     = 122909434                              {pd product} {ergonomic}
    uintx ReservedCodeCacheSize                    = 251658240                              {pd product} {ergonomic}
     bool SegmentedCodeCache                       = true                                      {product} {ergonomic}
   size_t SoftMaxHeapSize                          = 2109734912                             {manageable} {ergonomic}
     bool UseCompressedClassPointers               = true                           {product lp64_product} {ergonomic}
     bool UseCompressedOops                        = true                           {product lp64_product} {ergonomic}
     bool UseG1GC                                  = true                                      {product} {ergonomic}
     bool UseLargePagesIndividualAllocation        = false                                  {pd product} {ergonomic}

Logging:
Log output configuration:
 #0: stdout all=warning uptime,level,tags
 #1: stderr all=off uptime,level,tags

Environment Variables:
PATH=C:\Program Files\Git\mingw64\libexec\git-core;C:\Program Files\Git\mingw64\libexec\git-core;C:\Program Files\Git\mingw64\bin;C:\Program Files\Git\usr\bin;C:\Users\ASUS\bin;C:\Program Files (x86)\Common Files\Oracle\Java\javapath;C:\Windows\system32;C:\Windows;C:\Windows\System32\Wbem;C:\Windows\System32\WindowsPowerShell\v1.0;C:\Windows\System32\OpenSSH;C:\Program Files (x86)\NVIDIA Corporation\PhysX\Common;C:\Program Files\NVIDIA Corporation\NVIDIA NvDLISR;C:\WINDOWS\system32;C:\WINDOWS;C:\WINDOWS\System32\Wbem;C:\WINDOWS\System32\WindowsPowerShell\v1.0;C:\WINDOWS\System32\OpenSSH;C:\Program Files (x86)\Java\apache-maven-3.8.6\bin;C:\Program Files\Git\cmd;C:\Users\ASUS\AppData\Local\Microsoft\WindowsApps;C:\Users\ASUS\AppData\Local\GitHubDesktop\bin;D:\IT\Pycharm Education\PyCharm Community Edition 2022.3.2\bin
USERNAME=ASUS
DISPLAY=:0.0
LC_ALL=en_US.UTF-8
TERM=cygwin
TMPDIR=C:\Users\ASUS\AppData\Local\Temp
OS=Windows_NT
PROCESSOR_IDENTIFIER=Intel64 Family 6 Model 158 Stepping 10, GenuineIntel
TMP=C:\Users\ASUS\AppData\Local\Temp
TEMP=C:\Users\ASUS\AppData\Local\Temp



---------------  S Y S T E M  ---------------

OS:
 Windows 11 , 64 bit Build 22000 (10.0.22000.1516)
OS uptime: 1 days 0:53 hours

CPU: total 12 (initial active 12) (6 cores per cpu, 2 threads per core) family 6 model 158 stepping 10 microcode 0xde, cx8, cmov, fxsr, ht, mmx, 3dnowpref, sse, sse2, sse3, ssse3, sse4.1, sse4.2, popcnt, lzcnt, tsc, tscinvbit, avx, avx2, aes, erms, clmul, bmi1, bmi2, adx, fma, vzeroupper, clflush, clflushopt

Memory: 4k page, system-wide physical 8042M (374M free)
TotalPageFile size 21069M (AvailPageFile size 48M)
current process WorkingSet (physical memory assigned to process): 10M, peak: 10M
current process commit charge ("private bytes"): 64M, peak: 190M

vm_info: OpenJDK 64-Bit Server VM (17.0.5+1-b653.25) for windows-amd64 JRE (17.0.5+1-b653.25), built on 2023-01-04 by "builduser" with MS VC++ 16.10 / 16.11 (VS2019)

END.
